scripts/mkall.sh
scripts/mkone.sh genipasat glucose4
[mkone.sh] building SAT solver 'glucose4'
make[1]: Entering directory `/home/balyo/satcomp16/incremental/ipasir/sat/glucose4'
make -C glucose-4 lr
make[2]: Entering directory `/home/balyo/satcomp16/incremental/ipasir/sat/glucose4/glucose-4'
make[2]: Nothing to be done for `lr'.
make[2]: Leaving directory `/home/balyo/satcomp16/incremental/ipasir/sat/glucose4/glucose-4'
make ipasirglucoseglue.o
make[2]: Entering directory `/home/balyo/satcomp16/incremental/ipasir/sat/glucose4'
make[2]: `ipasirglucoseglue.o' is up to date.
make[2]: Leaving directory `/home/balyo/satcomp16/incremental/ipasir/sat/glucose4'
cp glucose-4/build/release/lib/libglucose.a libipasirglucose4.a
ar r libipasirglucose4.a ipasirglucoseglue.o
make[1]: Leaving directory `/home/balyo/satcomp16/incremental/ipasir/sat/glucose4'
[mkone.sh] building and linking application 'genipasat' against 'glucose4'
make[1]: Entering directory `/home/balyo/satcomp16/incremental/ipasir/app/genipasat'
cc -Wall -DNDEBUG -O3 -c genipasat.c
g++ -std=c++11 -o genipasat genipasat.o -L../../sat/glucose4/ -lipasirglucose4 -lm -lz
../../sat/glucose4//libipasirglucose4.a(ipasirglucoseglue.o): In function `Glucose::Solver::clone() const':
ipasirglucoseglue.cc:(.text._ZNK7Glucose6Solver5cloneEv[_ZNK7Glucose6Solver5cloneEv]+0x27): undefined reference to `Glucose::Solver::Solver(Glucose::Solver const&)'
../../sat/glucose4//libipasirglucose4.a(ipasirglucoseglue.o): In function `IPAsirMiniSAT::IPAsirMiniSAT()':
ipasirglucoseglue.cc:(.text._ZN13IPAsirMiniSATC2Ev[_ZN13IPAsirMiniSATC5Ev]+0x14): undefined reference to `Glucose::Solver::Solver()'
../../sat/glucose4//libipasirglucose4.a(ipasirglucoseglue.o): In function `IPAsirMiniSAT::~IPAsirMiniSAT()':
ipasirglucoseglue.cc:(.text._ZN13IPAsirMiniSATD2Ev[_ZN13IPAsirMiniSATD5Ev]+0x4f): undefined reference to `Glucose::Solver::~Solver()'
../../sat/glucose4//libipasirglucose4.a(ipasirglucoseglue.o):(.rodata._ZTV13IPAsirMiniSAT[_ZTV13IPAsirMiniSAT]+0x28): undefined reference to `Glucose::Solver::newVar(bool, bool)'
../../sat/glucose4//libipasirglucose4.a(ipasirglucoseglue.o):(.rodata._ZTV13IPAsirMiniSAT[_ZTV13IPAsirMiniSAT]+0x30): undefined reference to `Glucose::Solver::addClause_(Glucose::vec<Glucose::Lit>&)'
../../sat/glucose4//libipasirglucose4.a(ipasirglucoseglue.o):(.rodata._ZTV13IPAsirMiniSAT[_ZTV13IPAsirMiniSAT]+0x38): undefined reference to `Glucose::Solver::garbageCollect()'
../../sat/glucose4//libipasirglucose4.a(ipasirglucoseglue.o):(.rodata._ZTV13IPAsirMiniSAT[_ZTV13IPAsirMiniSAT]+0x40): undefined reference to `Glucose::Solver::parallelImportClauseDuringConflictAnalysis(Glucose::Clause&, unsigned int)'
../../sat/glucose4//libipasirglucose4.a(ipasirglucoseglue.o):(.rodata._ZTV13IPAsirMiniSAT[_ZTV13IPAsirMiniSAT]+0x48): undefined reference to `Glucose::Solver::parallelImportClauses()'
../../sat/glucose4//libipasirglucose4.a(ipasirglucoseglue.o):(.rodata._ZTV13IPAsirMiniSAT[_ZTV13IPAsirMiniSAT]+0x50): undefined reference to `Glucose::Solver::parallelImportUnaryClauses()'
../../sat/glucose4//libipasirglucose4.a(ipasirglucoseglue.o):(.rodata._ZTV13IPAsirMiniSAT[_ZTV13IPAsirMiniSAT]+0x58): undefined reference to `Glucose::Solver::parallelExportUnaryClause(Glucose::Lit)'
../../sat/glucose4//libipasirglucose4.a(ipasirglucoseglue.o):(.rodata._ZTV13IPAsirMiniSAT[_ZTV13IPAsirMiniSAT]+0x60): undefined reference to `Glucose::Solver::parallelExportClauseDuringSearch(Glucose::Clause&)'
../../sat/glucose4//libipasirglucose4.a(ipasirglucoseglue.o):(.rodata._ZTV13IPAsirMiniSAT[_ZTV13IPAsirMiniSAT]+0x68): undefined reference to `Glucose::Solver::parallelJobIsFinished()'
../../sat/glucose4//libipasirglucose4.a(ipasirglucoseglue.o):(.rodata._ZTV13IPAsirMiniSAT[_ZTV13IPAsirMiniSAT]+0x70): undefined reference to `Glucose::Solver::panicModeIsEnabled()'
../../sat/glucose4//libipasirglucose4.a(ipasirglucoseglue.o):(.rodata._ZTV13IPAsirMiniSAT[_ZTV13IPAsirMiniSAT]+0x78): undefined reference to `Glucose::Solver::solve_(bool, bool)'
../../sat/glucose4//libipasirglucose4.a(ipasirglucoseglue.o):(.rodata._ZTV13IPAsirMiniSAT[_ZTV13IPAsirMiniSAT]+0x80): undefined reference to `Glucose::Solver::reduceDB()'
../../sat/glucose4//libipasirglucose4.a(ipasirglucoseglue.o):(.rodata._ZTV13IPAsirMiniSAT[_ZTV13IPAsirMiniSAT]+0x88): undefined reference to `Glucose::Solver::relocAll(Glucose::ClauseAllocator&)'
../../sat/glucose4//libipasirglucose4.a(ipasirglucoseglue.o):(.rodata._ZTI13IPAsirMiniSAT[_ZTI13IPAsirMiniSAT]+0x10): undefined reference to `typeinfo for Glucose::Solver'
collect2: error: ld returned 1 exit status
make[1]: *** [genipasat] Error 1
make[1]: Leaving directory `/home/balyo/satcomp16/incremental/ipasir/app/genipasat'
*** mkone: could not build 'app/genipasat/genipasat'
scripts/mkone.sh genipamax glucose4
[mkone.sh] building SAT solver 'glucose4'
make[1]: Entering directory `/home/balyo/satcomp16/incremental/ipasir/sat/glucose4'
make -C glucose-4 lr
make[2]: Entering directory `/home/balyo/satcomp16/incremental/ipasir/sat/glucose4/glucose-4'
make[2]: Nothing to be done for `lr'.
make[2]: Leaving directory `/home/balyo/satcomp16/incremental/ipasir/sat/glucose4/glucose-4'
make ipasirglucoseglue.o
make[2]: Entering directory `/home/balyo/satcomp16/incremental/ipasir/sat/glucose4'
make[2]: `ipasirglucoseglue.o' is up to date.
make[2]: Leaving directory `/home/balyo/satcomp16/incremental/ipasir/sat/glucose4'
cp glucose-4/build/release/lib/libglucose.a libipasirglucose4.a
ar r libipasirglucose4.a ipasirglucoseglue.o
make[1]: Leaving directory `/home/balyo/satcomp16/incremental/ipasir/sat/glucose4'
[mkone.sh] building and linking application 'genipamax' against 'glucose4'
make[1]: Entering directory `/home/balyo/satcomp16/incremental/ipasir/app/genipamax'
./buildPblib.sh
buildPblib.sh: Removing PBLib (consider using 'ccache' for faster rebuild)
buildPblib.sh: Unpacking PBLib
auxvarmanager.h
clausedatabase.h
formula.h
helper.h
incpbconstraint.h
IncrementalData.h
IncSimplePBConstraint.h
pb2cnf.h
PBConfig.h
pbconstraint.h
PBFuzzer.h
PBParser.h
PBSatSolver.h
preencoder.h
SimplePBConstraint.h
VectorClauseDatabase.h
weightedlit.h
auxvarmanager.cpp
clausedatabase.cpp
formula.cpp
fuzzer.cpp
helper.cpp
incpbconstraint.cpp
IncrementalData.cpp
IncSimplePBConstraint.cpp
pb2cnf.cpp
PBConfig.cpp
pbconstraint.cpp
pbencoder.cpp
PBFuzzer.cpp
PBParser.cpp
preencoder.cpp
SimplePBConstraint.cpp
VectorClauseDatabase.cpp
encoder/adderencoding.h
encoder/amo.h
encoder/bdd.h
encoder/BDD_Seq_Amo.h
encoder/bimander_amo_encoding.h
encoder/binary_amo.h
encoder/BinaryMerge.h
encoder/cardencoding.h
encoder/commander_encoding.h
encoder/Encoder.h
encoder/k-product.h
encoder/naive_amo_encoder.h
encoder/sorting_merging.h
encoder/SortingNetworks.h
encoder/SWC.h
encoder/adderencoding.cpp
encoder/amo.cpp
encoder/bdd.cpp
encoder/BDD_Seq_Amo.cpp
encoder/bimander_amo_encoding.cpp
encoder/binary_amo.cpp
encoder/BinaryMerge.cpp
encoder/cardencoding.cpp
encoder/commander_encoding.cpp
encoder/Encoder.cpp
encoder/k-product.cpp
encoder/naive_amo_encoder.cpp
encoder/sorting_merging.cpp
encoder/SortingNetworks.cpp
encoder/SWC.cpp
BasicPBSolver/BasicSATSolver.h
BasicPBSolver/main.cpp
BasicPBSolver/SATSolverClauseDatabase.cpp
BasicPBSolver/SATSolverClauseDatabase.h
CMakeLists.txt
BasicPBSolver/CMakeLists.txt
BasicPBSolver/minisat.tgz
manual/pblib.pdf
VERSION
LICENSE
INSTALL
buildPblib.sh: Building PBLib
-- The C compiler identification is GNU 4.8.5
-- The CXX compiler identification is GNU 4.8.5
-- Check for working C compiler: /usr/bin/cc
-- Check for working C compiler: /usr/bin/cc -- works
-- Detecting C compiler ABI info
-- Detecting C compiler ABI info - done
-- Check for working CXX compiler: /usr/bin/g++-4.8
-- Check for working CXX compiler: /usr/bin/g++-4.8 -- works
-- Detecting CXX compiler ABI info
-- Detecting CXX compiler ABI info - done
-- Configuring done
-- Generating done
-- Build files have been written to: /home/balyo/satcomp16/incremental/ipasir/app/genipamax/pblib
make[2]: Entering directory `/home/balyo/satcomp16/incremental/ipasir/app/genipamax/pblib'
make[3]: Entering directory `/home/balyo/satcomp16/incremental/ipasir/app/genipamax/pblib'
make[4]: Entering directory `/home/balyo/satcomp16/incremental/ipasir/app/genipamax/pblib'
Scanning dependencies of target pblib
make[4]: Leaving directory `/home/balyo/satcomp16/incremental/ipasir/app/genipamax/pblib'
make[4]: Entering directory `/home/balyo/satcomp16/incremental/ipasir/app/genipamax/pblib'
[  3%] Building CXX object CMakeFiles/pblib.dir/IncSimplePBConstraint.cpp.o
[  6%] Building CXX object CMakeFiles/pblib.dir/clausedatabase.cpp.o
[ 10%] Building CXX object CMakeFiles/pblib.dir/PBParser.cpp.o
[ 13%] Building CXX object CMakeFiles/pblib.dir/pb2cnf.cpp.o
[ 16%] Building CXX object CMakeFiles/pblib.dir/incpbconstraint.cpp.o
[ 20%] Building CXX object CMakeFiles/pblib.dir/preencoder.cpp.o
[ 23%] Building CXX object CMakeFiles/pblib.dir/helper.cpp.o
[ 26%] Building CXX object CMakeFiles/pblib.dir/auxvarmanager.cpp.o
[ 30%] Building CXX object CMakeFiles/pblib.dir/SimplePBConstraint.cpp.o
[ 33%] Building CXX object CMakeFiles/pblib.dir/VectorClauseDatabase.cpp.o
[ 36%] Building CXX object CMakeFiles/pblib.dir/pbconstraint.cpp.o
[ 40%] Building CXX object CMakeFiles/pblib.dir/PBFuzzer.cpp.o
[ 43%] Building CXX object CMakeFiles/pblib.dir/IncrementalData.cpp.o
[ 46%] Building CXX object CMakeFiles/pblib.dir/PBConfig.cpp.o
[ 50%] Building CXX object CMakeFiles/pblib.dir/formula.cpp.o
[ 53%] Building CXX object CMakeFiles/pblib.dir/encoder/SortingNetworks.cpp.o
[ 56%] Building CXX object CMakeFiles/pblib.dir/encoder/k-product.cpp.o
[ 60%] Building CXX object CMakeFiles/pblib.dir/encoder/SWC.cpp.o
[ 63%] Building CXX object CMakeFiles/pblib.dir/encoder/commander_encoding.cpp.o
[ 66%] Building CXX object CMakeFiles/pblib.dir/encoder/bimander_amo_encoding.cpp.o
[ 70%] Building CXX object CMakeFiles/pblib.dir/encoder/bdd.cpp.o
[ 73%] Building CXX object CMakeFiles/pblib.dir/encoder/adderencoding.cpp.o
[ 76%] Building CXX object CMakeFiles/pblib.dir/encoder/sorting_merging.cpp.o
[ 80%] Building CXX object CMakeFiles/pblib.dir/encoder/Encoder.cpp.o
[ 83%] Building CXX object CMakeFiles/pblib.dir/encoder/cardencoding.cpp.o
[ 86%] Building CXX object CMakeFiles/pblib.dir/encoder/BinaryMerge.cpp.o
[ 90%] Building CXX object CMakeFiles/pblib.dir/encoder/binary_amo.cpp.o
[ 93%] Building CXX object CMakeFiles/pblib.dir/encoder/amo.cpp.o
[ 96%] Building CXX object CMakeFiles/pblib.dir/encoder/naive_amo_encoder.cpp.o
[100%] Building CXX object CMakeFiles/pblib.dir/encoder/BDD_Seq_Amo.cpp.o
Linking CXX static library libpblib.a
make[4]: Leaving directory `/home/balyo/satcomp16/incremental/ipasir/app/genipamax/pblib'
[100%] Built target pblib
make[4]: Entering directory `/home/balyo/satcomp16/incremental/ipasir/app/genipamax/pblib'
Scanning dependencies of target cpfiels
make[4]: Leaving directory `/home/balyo/satcomp16/incremental/ipasir/app/genipamax/pblib'
make[4]: Entering directory `/home/balyo/satcomp16/incremental/ipasir/app/genipamax/pblib'
make[4]: Leaving directory `/home/balyo/satcomp16/incremental/ipasir/app/genipamax/pblib'
[100%] Built target cpfiels
make[3]: Leaving directory `/home/balyo/satcomp16/incremental/ipasir/app/genipamax/pblib'
make[2]: Leaving directory `/home/balyo/satcomp16/incremental/ipasir/app/genipamax/pblib'
g++-4.8 -Wall -DNDEBUG -O3 -std=c++0x -c genipamax.cpp
g++-4.8 -o genipamax genipamax.o -L../../sat/glucose4/ -lipasirglucose4 -Lpblib -lpblib -lm -lz
../../sat/glucose4//libipasirglucose4.a(ipasirglucoseglue.o): In function `Glucose::Solver::clone() const':
ipasirglucoseglue.cc:(.text._ZNK7Glucose6Solver5cloneEv[_ZNK7Glucose6Solver5cloneEv]+0x27): undefined reference to `Glucose::Solver::Solver(Glucose::Solver const&)'
../../sat/glucose4//libipasirglucose4.a(ipasirglucoseglue.o): In function `IPAsirMiniSAT::IPAsirMiniSAT()':
ipasirglucoseglue.cc:(.text._ZN13IPAsirMiniSATC2Ev[_ZN13IPAsirMiniSATC5Ev]+0x14): undefined reference to `Glucose::Solver::Solver()'
../../sat/glucose4//libipasirglucose4.a(ipasirglucoseglue.o): In function `IPAsirMiniSAT::~IPAsirMiniSAT()':
ipasirglucoseglue.cc:(.text._ZN13IPAsirMiniSATD2Ev[_ZN13IPAsirMiniSATD5Ev]+0x4f): undefined reference to `Glucose::Solver::~Solver()'
../../sat/glucose4//libipasirglucose4.a(ipasirglucoseglue.o):(.rodata._ZTV13IPAsirMiniSAT[_ZTV13IPAsirMiniSAT]+0x28): undefined reference to `Glucose::Solver::newVar(bool, bool)'
../../sat/glucose4//libipasirglucose4.a(ipasirglucoseglue.o):(.rodata._ZTV13IPAsirMiniSAT[_ZTV13IPAsirMiniSAT]+0x30): undefined reference to `Glucose::Solver::addClause_(Glucose::vec<Glucose::Lit>&)'
../../sat/glucose4//libipasirglucose4.a(ipasirglucoseglue.o):(.rodata._ZTV13IPAsirMiniSAT[_ZTV13IPAsirMiniSAT]+0x38): undefined reference to `Glucose::Solver::garbageCollect()'
../../sat/glucose4//libipasirglucose4.a(ipasirglucoseglue.o):(.rodata._ZTV13IPAsirMiniSAT[_ZTV13IPAsirMiniSAT]+0x40): undefined reference to `Glucose::Solver::parallelImportClauseDuringConflictAnalysis(Glucose::Clause&, unsigned int)'
../../sat/glucose4//libipasirglucose4.a(ipasirglucoseglue.o):(.rodata._ZTV13IPAsirMiniSAT[_ZTV13IPAsirMiniSAT]+0x48): undefined reference to `Glucose::Solver::parallelImportClauses()'
../../sat/glucose4//libipasirglucose4.a(ipasirglucoseglue.o):(.rodata._ZTV13IPAsirMiniSAT[_ZTV13IPAsirMiniSAT]+0x50): undefined reference to `Glucose::Solver::parallelImportUnaryClauses()'
../../sat/glucose4//libipasirglucose4.a(ipasirglucoseglue.o):(.rodata._ZTV13IPAsirMiniSAT[_ZTV13IPAsirMiniSAT]+0x58): undefined reference to `Glucose::Solver::parallelExportUnaryClause(Glucose::Lit)'
../../sat/glucose4//libipasirglucose4.a(ipasirglucoseglue.o):(.rodata._ZTV13IPAsirMiniSAT[_ZTV13IPAsirMiniSAT]+0x60): undefined reference to `Glucose::Solver::parallelExportClauseDuringSearch(Glucose::Clause&)'
../../sat/glucose4//libipasirglucose4.a(ipasirglucoseglue.o):(.rodata._ZTV13IPAsirMiniSAT[_ZTV13IPAsirMiniSAT]+0x68): undefined reference to `Glucose::Solver::parallelJobIsFinished()'
../../sat/glucose4//libipasirglucose4.a(ipasirglucoseglue.o):(.rodata._ZTV13IPAsirMiniSAT[_ZTV13IPAsirMiniSAT]+0x70): undefined reference to `Glucose::Solver::panicModeIsEnabled()'
../../sat/glucose4//libipasirglucose4.a(ipasirglucoseglue.o):(.rodata._ZTV13IPAsirMiniSAT[_ZTV13IPAsirMiniSAT]+0x78): undefined reference to `Glucose::Solver::solve_(bool, bool)'
../../sat/glucose4//libipasirglucose4.a(ipasirglucoseglue.o):(.rodata._ZTV13IPAsirMiniSAT[_ZTV13IPAsirMiniSAT]+0x80): undefined reference to `Glucose::Solver::reduceDB()'
../../sat/glucose4//libipasirglucose4.a(ipasirglucoseglue.o):(.rodata._ZTV13IPAsirMiniSAT[_ZTV13IPAsirMiniSAT]+0x88): undefined reference to `Glucose::Solver::relocAll(Glucose::ClauseAllocator&)'
../../sat/glucose4//libipasirglucose4.a(ipasirglucoseglue.o):(.rodata._ZTI13IPAsirMiniSAT[_ZTI13IPAsirMiniSAT]+0x10): undefined reference to `typeinfo for Glucose::Solver'
collect2: error: ld returned 1 exit status
make[1]: *** [genipamax] Error 1
make[1]: Leaving directory `/home/balyo/satcomp16/incremental/ipasir/app/genipamax'
*** mkone: could not build 'app/genipamax/genipamax'
make: *** [verbose] Error 1
